{"numTotalTestSuites":9,"numPassedTestSuites":0,"numFailedTestSuites":9,"numPendingTestSuites":0,"numTotalTests":27,"numPassedTests":0,"numFailedTests":27,"numPendingTests":0,"numTodoTests":0,"snapshot":{"added":0,"failure":false,"filesAdded":0,"filesRemoved":0,"filesRemovedList":[],"filesUnmatched":0,"filesUpdated":0,"matched":0,"total":0,"unchecked":0,"uncheckedKeysByFile":[],"unmatched":0,"updated":0,"didUpdate":false},"startTime":1754427628525,"success":false,"testResults":[{"assertionResults":[{"ancestorTitles":["DeleteUserModal"],"fullName":"DeleteUserModal renders correctly when open with user data","status":"failed","title":"renders correctly when open with user data","duration":2.1547500000000355,"failureMessages":["ReferenceError: ref is not defined\n    at setup (/Users/mauroociappina/Desktop/Proyectos/baldecash/ptecbaldecash/frontend/components/Users/DeleteUserModal.vue:165:17)\n    at callWithErrorHandling (/Users/mauroociappina/Desktop/Proyectos/baldecash/ptecbaldecash/frontend/node_modules/@vue/runtime-core/dist/runtime-core.cjs.js:200:19)\n    at setupStatefulComponent (/Users/mauroociappina/Desktop/Proyectos/baldecash/ptecbaldecash/frontend/node_modules/@vue/runtime-core/dist/runtime-core.cjs.js:7910:25)\n    at setupComponent (/Users/mauroociappina/Desktop/Proyectos/baldecash/ptecbaldecash/frontend/node_modules/@vue/runtime-core/dist/runtime-core.cjs.js:7871:36)\n    at mountComponent (/Users/mauroociappina/Desktop/Proyectos/baldecash/ptecbaldecash/frontend/node_modules/@vue/runtime-core/dist/runtime-core.cjs.js:5188:7)\n    at processComponent (/Users/mauroociappina/Desktop/Proyectos/baldecash/ptecbaldecash/frontend/node_modules/@vue/runtime-core/dist/runtime-core.cjs.js:5154:9)\n    at patch (/Users/mauroociappina/Desktop/Proyectos/baldecash/ptecbaldecash/frontend/node_modules/@vue/runtime-core/dist/runtime-core.cjs.js:4681:11)\n    at ReactiveEffect.componentUpdateFn [as fn] (/Users/mauroociappina/Desktop/Proyectos/baldecash/ptecbaldecash/frontend/node_modules/@vue/runtime-core/dist/runtime-core.cjs.js:5300:11)\n    at ReactiveEffect.run (/Users/mauroociappina/Desktop/Proyectos/baldecash/ptecbaldecash/frontend/node_modules/@vue/reactivity/dist/reactivity.cjs.js:241:19)\n    at setupRenderEffect (/Users/mauroociappina/Desktop/Proyectos/baldecash/ptecbaldecash/frontend/node_modules/@vue/runtime-core/dist/runtime-core.cjs.js:5428:5)"],"meta":{}},{"ancestorTitles":["DeleteUserModal"],"fullName":"DeleteUserModal does not render when closed","status":"failed","title":"does not render when closed","duration":0.46595800000000054,"failureMessages":["ReferenceError: ref is not defined\n    at setup (/Users/mauroociappina/Desktop/Proyectos/baldecash/ptecbaldecash/frontend/components/Users/DeleteUserModal.vue:165:17)\n    at callWithErrorHandling (/Users/mauroociappina/Desktop/Proyectos/baldecash/ptecbaldecash/frontend/node_modules/@vue/runtime-core/dist/runtime-core.cjs.js:200:19)\n    at setupStatefulComponent (/Users/mauroociappina/Desktop/Proyectos/baldecash/ptecbaldecash/frontend/node_modules/@vue/runtime-core/dist/runtime-core.cjs.js:7910:25)\n    at setupComponent (/Users/mauroociappina/Desktop/Proyectos/baldecash/ptecbaldecash/frontend/node_modules/@vue/runtime-core/dist/runtime-core.cjs.js:7871:36)\n    at mountComponent (/Users/mauroociappina/Desktop/Proyectos/baldecash/ptecbaldecash/frontend/node_modules/@vue/runtime-core/dist/runtime-core.cjs.js:5188:7)\n    at processComponent (/Users/mauroociappina/Desktop/Proyectos/baldecash/ptecbaldecash/frontend/node_modules/@vue/runtime-core/dist/runtime-core.cjs.js:5154:9)\n    at patch (/Users/mauroociappina/Desktop/Proyectos/baldecash/ptecbaldecash/frontend/node_modules/@vue/runtime-core/dist/runtime-core.cjs.js:4681:11)\n    at ReactiveEffect.componentUpdateFn [as fn] (/Users/mauroociappina/Desktop/Proyectos/baldecash/ptecbaldecash/frontend/node_modules/@vue/runtime-core/dist/runtime-core.cjs.js:5300:11)\n    at ReactiveEffect.run (/Users/mauroociappina/Desktop/Proyectos/baldecash/ptecbaldecash/frontend/node_modules/@vue/reactivity/dist/reactivity.cjs.js:241:19)\n    at setupRenderEffect (/Users/mauroociappina/Desktop/Proyectos/baldecash/ptecbaldecash/frontend/node_modules/@vue/runtime-core/dist/runtime-core.cjs.js:5428:5)"],"meta":{}},{"ancestorTitles":["DeleteUserModal"],"fullName":"DeleteUserModal shows confirmation message","status":"failed","title":"shows confirmation message","duration":0.8142920000000231,"failureMessages":["ReferenceError: ref is not defined\n    at setup (/Users/mauroociappina/Desktop/Proyectos/baldecash/ptecbaldecash/frontend/components/Users/DeleteUserModal.vue:165:17)\n    at callWithErrorHandling (/Users/mauroociappina/Desktop/Proyectos/baldecash/ptecbaldecash/frontend/node_modules/@vue/runtime-core/dist/runtime-core.cjs.js:200:19)\n    at setupStatefulComponent (/Users/mauroociappina/Desktop/Proyectos/baldecash/ptecbaldecash/frontend/node_modules/@vue/runtime-core/dist/runtime-core.cjs.js:7910:25)\n    at setupComponent (/Users/mauroociappina/Desktop/Proyectos/baldecash/ptecbaldecash/frontend/node_modules/@vue/runtime-core/dist/runtime-core.cjs.js:7871:36)\n    at mountComponent (/Users/mauroociappina/Desktop/Proyectos/baldecash/ptecbaldecash/frontend/node_modules/@vue/runtime-core/dist/runtime-core.cjs.js:5188:7)\n    at processComponent (/Users/mauroociappina/Desktop/Proyectos/baldecash/ptecbaldecash/frontend/node_modules/@vue/runtime-core/dist/runtime-core.cjs.js:5154:9)\n    at patch (/Users/mauroociappina/Desktop/Proyectos/baldecash/ptecbaldecash/frontend/node_modules/@vue/runtime-core/dist/runtime-core.cjs.js:4681:11)\n    at ReactiveEffect.componentUpdateFn [as fn] (/Users/mauroociappina/Desktop/Proyectos/baldecash/ptecbaldecash/frontend/node_modules/@vue/runtime-core/dist/runtime-core.cjs.js:5300:11)\n    at ReactiveEffect.run (/Users/mauroociappina/Desktop/Proyectos/baldecash/ptecbaldecash/frontend/node_modules/@vue/reactivity/dist/reactivity.cjs.js:241:19)\n    at setupRenderEffect (/Users/mauroociappina/Desktop/Proyectos/baldecash/ptecbaldecash/frontend/node_modules/@vue/runtime-core/dist/runtime-core.cjs.js:5428:5)"],"meta":{}},{"ancestorTitles":["DeleteUserModal"],"fullName":"DeleteUserModal displays user information to be deleted","status":"failed","title":"displays user information to be deleted","duration":0.8171250000000327,"failureMessages":["ReferenceError: ref is not defined\n    at setup (/Users/mauroociappina/Desktop/Proyectos/baldecash/ptecbaldecash/frontend/components/Users/DeleteUserModal.vue:165:17)\n    at callWithErrorHandling (/Users/mauroociappina/Desktop/Proyectos/baldecash/ptecbaldecash/frontend/node_modules/@vue/runtime-core/dist/runtime-core.cjs.js:200:19)\n    at setupStatefulComponent (/Users/mauroociappina/Desktop/Proyectos/baldecash/ptecbaldecash/frontend/node_modules/@vue/runtime-core/dist/runtime-core.cjs.js:7910:25)\n    at setupComponent (/Users/mauroociappina/Desktop/Proyectos/baldecash/ptecbaldecash/frontend/node_modules/@vue/runtime-core/dist/runtime-core.cjs.js:7871:36)\n    at mountComponent (/Users/mauroociappina/Desktop/Proyectos/baldecash/ptecbaldecash/frontend/node_modules/@vue/runtime-core/dist/runtime-core.cjs.js:5188:7)\n    at processComponent (/Users/mauroociappina/Desktop/Proyectos/baldecash/ptecbaldecash/frontend/node_modules/@vue/runtime-core/dist/runtime-core.cjs.js:5154:9)\n    at patch (/Users/mauroociappina/Desktop/Proyectos/baldecash/ptecbaldecash/frontend/node_modules/@vue/runtime-core/dist/runtime-core.cjs.js:4681:11)\n    at ReactiveEffect.componentUpdateFn [as fn] (/Users/mauroociappina/Desktop/Proyectos/baldecash/ptecbaldecash/frontend/node_modules/@vue/runtime-core/dist/runtime-core.cjs.js:5300:11)\n    at ReactiveEffect.run (/Users/mauroociappina/Desktop/Proyectos/baldecash/ptecbaldecash/frontend/node_modules/@vue/reactivity/dist/reactivity.cjs.js:241:19)\n    at setupRenderEffect (/Users/mauroociappina/Desktop/Proyectos/baldecash/ptecbaldecash/frontend/node_modules/@vue/runtime-core/dist/runtime-core.cjs.js:5428:5)"],"meta":{}},{"ancestorTitles":["DeleteUserModal"],"fullName":"DeleteUserModal has cancel and delete buttons","status":"failed","title":"has cancel and delete buttons","duration":0.8022090000001754,"failureMessages":["ReferenceError: ref is not defined\n    at setup (/Users/mauroociappina/Desktop/Proyectos/baldecash/ptecbaldecash/frontend/components/Users/DeleteUserModal.vue:165:17)\n    at callWithErrorHandling (/Users/mauroociappina/Desktop/Proyectos/baldecash/ptecbaldecash/frontend/node_modules/@vue/runtime-core/dist/runtime-core.cjs.js:200:19)\n    at setupStatefulComponent (/Users/mauroociappina/Desktop/Proyectos/baldecash/ptecbaldecash/frontend/node_modules/@vue/runtime-core/dist/runtime-core.cjs.js:7910:25)\n    at setupComponent (/Users/mauroociappina/Desktop/Proyectos/baldecash/ptecbaldecash/frontend/node_modules/@vue/runtime-core/dist/runtime-core.cjs.js:7871:36)\n    at mountComponent (/Users/mauroociappina/Desktop/Proyectos/baldecash/ptecbaldecash/frontend/node_modules/@vue/runtime-core/dist/runtime-core.cjs.js:5188:7)\n    at processComponent (/Users/mauroociappina/Desktop/Proyectos/baldecash/ptecbaldecash/frontend/node_modules/@vue/runtime-core/dist/runtime-core.cjs.js:5154:9)\n    at patch (/Users/mauroociappina/Desktop/Proyectos/baldecash/ptecbaldecash/frontend/node_modules/@vue/runtime-core/dist/runtime-core.cjs.js:4681:11)\n    at ReactiveEffect.componentUpdateFn [as fn] (/Users/mauroociappina/Desktop/Proyectos/baldecash/ptecbaldecash/frontend/node_modules/@vue/runtime-core/dist/runtime-core.cjs.js:5300:11)\n    at ReactiveEffect.run (/Users/mauroociappina/Desktop/Proyectos/baldecash/ptecbaldecash/frontend/node_modules/@vue/reactivity/dist/reactivity.cjs.js:241:19)\n    at setupRenderEffect (/Users/mauroociappina/Desktop/Proyectos/baldecash/ptecbaldecash/frontend/node_modules/@vue/runtime-core/dist/runtime-core.cjs.js:5428:5)"],"meta":{}},{"ancestorTitles":["DeleteUserModal"],"fullName":"DeleteUserModal emits close event when cancel button is clicked","status":"failed","title":"emits close event when cancel button is clicked","duration":1.724875000000111,"failureMessages":["ReferenceError: ref is not defined\n    at setup (/Users/mauroociappina/Desktop/Proyectos/baldecash/ptecbaldecash/frontend/components/Users/DeleteUserModal.vue:165:17)\n    at callWithErrorHandling (/Users/mauroociappina/Desktop/Proyectos/baldecash/ptecbaldecash/frontend/node_modules/@vue/runtime-core/dist/runtime-core.cjs.js:200:19)\n    at setupStatefulComponent (/Users/mauroociappina/Desktop/Proyectos/baldecash/ptecbaldecash/frontend/node_modules/@vue/runtime-core/dist/runtime-core.cjs.js:7910:25)\n    at setupComponent (/Users/mauroociappina/Desktop/Proyectos/baldecash/ptecbaldecash/frontend/node_modules/@vue/runtime-core/dist/runtime-core.cjs.js:7871:36)\n    at mountComponent (/Users/mauroociappina/Desktop/Proyectos/baldecash/ptecbaldecash/frontend/node_modules/@vue/runtime-core/dist/runtime-core.cjs.js:5188:7)\n    at processComponent (/Users/mauroociappina/Desktop/Proyectos/baldecash/ptecbaldecash/frontend/node_modules/@vue/runtime-core/dist/runtime-core.cjs.js:5154:9)\n    at patch (/Users/mauroociappina/Desktop/Proyectos/baldecash/ptecbaldecash/frontend/node_modules/@vue/runtime-core/dist/runtime-core.cjs.js:4681:11)\n    at ReactiveEffect.componentUpdateFn [as fn] (/Users/mauroociappina/Desktop/Proyectos/baldecash/ptecbaldecash/frontend/node_modules/@vue/runtime-core/dist/runtime-core.cjs.js:5300:11)\n    at ReactiveEffect.run (/Users/mauroociappina/Desktop/Proyectos/baldecash/ptecbaldecash/frontend/node_modules/@vue/reactivity/dist/reactivity.cjs.js:241:19)\n    at setupRenderEffect (/Users/mauroociappina/Desktop/Proyectos/baldecash/ptecbaldecash/frontend/node_modules/@vue/runtime-core/dist/runtime-core.cjs.js:5428:5)"],"meta":{}},{"ancestorTitles":["DeleteUserModal"],"fullName":"DeleteUserModal shows loading state during deletion","status":"failed","title":"shows loading state during deletion","duration":0.8167089999999462,"failureMessages":["ReferenceError: ref is not defined\n    at setup (/Users/mauroociappina/Desktop/Proyectos/baldecash/ptecbaldecash/frontend/components/Users/DeleteUserModal.vue:165:17)\n    at callWithErrorHandling (/Users/mauroociappina/Desktop/Proyectos/baldecash/ptecbaldecash/frontend/node_modules/@vue/runtime-core/dist/runtime-core.cjs.js:200:19)\n    at setupStatefulComponent (/Users/mauroociappina/Desktop/Proyectos/baldecash/ptecbaldecash/frontend/node_modules/@vue/runtime-core/dist/runtime-core.cjs.js:7910:25)\n    at setupComponent (/Users/mauroociappina/Desktop/Proyectos/baldecash/ptecbaldecash/frontend/node_modules/@vue/runtime-core/dist/runtime-core.cjs.js:7871:36)\n    at mountComponent (/Users/mauroociappina/Desktop/Proyectos/baldecash/ptecbaldecash/frontend/node_modules/@vue/runtime-core/dist/runtime-core.cjs.js:5188:7)\n    at processComponent (/Users/mauroociappina/Desktop/Proyectos/baldecash/ptecbaldecash/frontend/node_modules/@vue/runtime-core/dist/runtime-core.cjs.js:5154:9)\n    at patch (/Users/mauroociappina/Desktop/Proyectos/baldecash/ptecbaldecash/frontend/node_modules/@vue/runtime-core/dist/runtime-core.cjs.js:4681:11)\n    at ReactiveEffect.componentUpdateFn [as fn] (/Users/mauroociappina/Desktop/Proyectos/baldecash/ptecbaldecash/frontend/node_modules/@vue/runtime-core/dist/runtime-core.cjs.js:5300:11)\n    at ReactiveEffect.run (/Users/mauroociappina/Desktop/Proyectos/baldecash/ptecbaldecash/frontend/node_modules/@vue/reactivity/dist/reactivity.cjs.js:241:19)\n    at setupRenderEffect (/Users/mauroociappina/Desktop/Proyectos/baldecash/ptecbaldecash/frontend/node_modules/@vue/runtime-core/dist/runtime-core.cjs.js:5428:5)"],"meta":{}},{"ancestorTitles":["DeleteUserModal"],"fullName":"DeleteUserModal prevents deletion when loading","status":"failed","title":"prevents deletion when loading","duration":2.0686249999998836,"failureMessages":["ReferenceError: ref is not defined\n    at setup (/Users/mauroociappina/Desktop/Proyectos/baldecash/ptecbaldecash/frontend/components/Users/DeleteUserModal.vue:165:17)\n    at callWithErrorHandling (/Users/mauroociappina/Desktop/Proyectos/baldecash/ptecbaldecash/frontend/node_modules/@vue/runtime-core/dist/runtime-core.cjs.js:200:19)\n    at setupStatefulComponent (/Users/mauroociappina/Desktop/Proyectos/baldecash/ptecbaldecash/frontend/node_modules/@vue/runtime-core/dist/runtime-core.cjs.js:7910:25)\n    at setupComponent (/Users/mauroociappina/Desktop/Proyectos/baldecash/ptecbaldecash/frontend/node_modules/@vue/runtime-core/dist/runtime-core.cjs.js:7871:36)\n    at mountComponent (/Users/mauroociappina/Desktop/Proyectos/baldecash/ptecbaldecash/frontend/node_modules/@vue/runtime-core/dist/runtime-core.cjs.js:5188:7)\n    at processComponent (/Users/mauroociappina/Desktop/Proyectos/baldecash/ptecbaldecash/frontend/node_modules/@vue/runtime-core/dist/runtime-core.cjs.js:5154:9)\n    at patch (/Users/mauroociappina/Desktop/Proyectos/baldecash/ptecbaldecash/frontend/node_modules/@vue/runtime-core/dist/runtime-core.cjs.js:4681:11)\n    at ReactiveEffect.componentUpdateFn [as fn] (/Users/mauroociappina/Desktop/Proyectos/baldecash/ptecbaldecash/frontend/node_modules/@vue/runtime-core/dist/runtime-core.cjs.js:5300:11)\n    at ReactiveEffect.run (/Users/mauroociappina/Desktop/Proyectos/baldecash/ptecbaldecash/frontend/node_modules/@vue/reactivity/dist/reactivity.cjs.js:241:19)\n    at setupRenderEffect (/Users/mauroociappina/Desktop/Proyectos/baldecash/ptecbaldecash/frontend/node_modules/@vue/runtime-core/dist/runtime-core.cjs.js:5428:5)"],"meta":{}}],"startTime":1754427629251,"endTime":1754427629261.0686,"status":"failed","message":"","name":"/Users/mauroociappina/Desktop/Proyectos/baldecash/ptecbaldecash/frontend/tests/components/DeleteUserModal.test.ts"},{"assertionResults":[{"ancestorTitles":["UI Components","Button"],"fullName":"UI Components Button renders button with text","status":"failed","title":"renders button with text","duration":9.413499999999999,"failureMessages":["ReferenceError: computed is not defined\n    at setup (/Users/mauroociappina/Desktop/Proyectos/baldecash/ptecbaldecash/frontend/components/UI/Button.vue:89:13)\n    at callWithErrorHandling (/Users/mauroociappina/Desktop/Proyectos/baldecash/ptecbaldecash/frontend/node_modules/@vue/runtime-core/dist/runtime-core.cjs.js:200:19)\n    at setupStatefulComponent (/Users/mauroociappina/Desktop/Proyectos/baldecash/ptecbaldecash/frontend/node_modules/@vue/runtime-core/dist/runtime-core.cjs.js:7910:25)\n    at setupComponent (/Users/mauroociappina/Desktop/Proyectos/baldecash/ptecbaldecash/frontend/node_modules/@vue/runtime-core/dist/runtime-core.cjs.js:7871:36)\n    at mountComponent (/Users/mauroociappina/Desktop/Proyectos/baldecash/ptecbaldecash/frontend/node_modules/@vue/runtime-core/dist/runtime-core.cjs.js:5188:7)\n    at processComponent (/Users/mauroociappina/Desktop/Proyectos/baldecash/ptecbaldecash/frontend/node_modules/@vue/runtime-core/dist/runtime-core.cjs.js:5154:9)\n    at patch (/Users/mauroociappina/Desktop/Proyectos/baldecash/ptecbaldecash/frontend/node_modules/@vue/runtime-core/dist/runtime-core.cjs.js:4681:11)\n    at ReactiveEffect.componentUpdateFn [as fn] (/Users/mauroociappina/Desktop/Proyectos/baldecash/ptecbaldecash/frontend/node_modules/@vue/runtime-core/dist/runtime-core.cjs.js:5300:11)\n    at ReactiveEffect.run (/Users/mauroociappina/Desktop/Proyectos/baldecash/ptecbaldecash/frontend/node_modules/@vue/reactivity/dist/reactivity.cjs.js:241:19)\n    at setupRenderEffect (/Users/mauroociappina/Desktop/Proyectos/baldecash/ptecbaldecash/frontend/node_modules/@vue/runtime-core/dist/runtime-core.cjs.js:5428:5)"],"meta":{}},{"ancestorTitles":["UI Components","Button"],"fullName":"UI Components Button renders button with different variants","status":"failed","title":"renders button with different variants","duration":0.9153340000000298,"failureMessages":["ReferenceError: computed is not defined\n    at setup (/Users/mauroociappina/Desktop/Proyectos/baldecash/ptecbaldecash/frontend/components/UI/Button.vue:89:13)\n    at callWithErrorHandling (/Users/mauroociappina/Desktop/Proyectos/baldecash/ptecbaldecash/frontend/node_modules/@vue/runtime-core/dist/runtime-core.cjs.js:200:19)\n    at setupStatefulComponent (/Users/mauroociappina/Desktop/Proyectos/baldecash/ptecbaldecash/frontend/node_modules/@vue/runtime-core/dist/runtime-core.cjs.js:7910:25)\n    at setupComponent (/Users/mauroociappina/Desktop/Proyectos/baldecash/ptecbaldecash/frontend/node_modules/@vue/runtime-core/dist/runtime-core.cjs.js:7871:36)\n    at mountComponent (/Users/mauroociappina/Desktop/Proyectos/baldecash/ptecbaldecash/frontend/node_modules/@vue/runtime-core/dist/runtime-core.cjs.js:5188:7)\n    at processComponent (/Users/mauroociappina/Desktop/Proyectos/baldecash/ptecbaldecash/frontend/node_modules/@vue/runtime-core/dist/runtime-core.cjs.js:5154:9)\n    at patch (/Users/mauroociappina/Desktop/Proyectos/baldecash/ptecbaldecash/frontend/node_modules/@vue/runtime-core/dist/runtime-core.cjs.js:4681:11)\n    at ReactiveEffect.componentUpdateFn [as fn] (/Users/mauroociappina/Desktop/Proyectos/baldecash/ptecbaldecash/frontend/node_modules/@vue/runtime-core/dist/runtime-core.cjs.js:5300:11)\n    at ReactiveEffect.run (/Users/mauroociappina/Desktop/Proyectos/baldecash/ptecbaldecash/frontend/node_modules/@vue/reactivity/dist/reactivity.cjs.js:241:19)\n    at setupRenderEffect (/Users/mauroociappina/Desktop/Proyectos/baldecash/ptecbaldecash/frontend/node_modules/@vue/runtime-core/dist/runtime-core.cjs.js:5428:5)"],"meta":{}},{"ancestorTitles":["UI Components","Button"],"fullName":"UI Components Button renders disabled button","status":"failed","title":"renders disabled button","duration":0.622792000000004,"failureMessages":["ReferenceError: computed is not defined\n    at setup (/Users/mauroociappina/Desktop/Proyectos/baldecash/ptecbaldecash/frontend/components/UI/Button.vue:89:13)\n    at callWithErrorHandling (/Users/mauroociappina/Desktop/Proyectos/baldecash/ptecbaldecash/frontend/node_modules/@vue/runtime-core/dist/runtime-core.cjs.js:200:19)\n    at setupStatefulComponent (/Users/mauroociappina/Desktop/Proyectos/baldecash/ptecbaldecash/frontend/node_modules/@vue/runtime-core/dist/runtime-core.cjs.js:7910:25)\n    at setupComponent (/Users/mauroociappina/Desktop/Proyectos/baldecash/ptecbaldecash/frontend/node_modules/@vue/runtime-core/dist/runtime-core.cjs.js:7871:36)\n    at mountComponent (/Users/mauroociappina/Desktop/Proyectos/baldecash/ptecbaldecash/frontend/node_modules/@vue/runtime-core/dist/runtime-core.cjs.js:5188:7)\n    at processComponent (/Users/mauroociappina/Desktop/Proyectos/baldecash/ptecbaldecash/frontend/node_modules/@vue/runtime-core/dist/runtime-core.cjs.js:5154:9)\n    at patch (/Users/mauroociappina/Desktop/Proyectos/baldecash/ptecbaldecash/frontend/node_modules/@vue/runtime-core/dist/runtime-core.cjs.js:4681:11)\n    at ReactiveEffect.componentUpdateFn [as fn] (/Users/mauroociappina/Desktop/Proyectos/baldecash/ptecbaldecash/frontend/node_modules/@vue/runtime-core/dist/runtime-core.cjs.js:5300:11)\n    at ReactiveEffect.run (/Users/mauroociappina/Desktop/Proyectos/baldecash/ptecbaldecash/frontend/node_modules/@vue/reactivity/dist/reactivity.cjs.js:241:19)\n    at setupRenderEffect (/Users/mauroociappina/Desktop/Proyectos/baldecash/ptecbaldecash/frontend/node_modules/@vue/runtime-core/dist/runtime-core.cjs.js:5428:5)"],"meta":{}},{"ancestorTitles":["UI Components","Button"],"fullName":"UI Components Button shows loading state","status":"failed","title":"shows loading state","duration":0.5707079999999678,"failureMessages":["ReferenceError: computed is not defined\n    at setup (/Users/mauroociappina/Desktop/Proyectos/baldecash/ptecbaldecash/frontend/components/UI/Button.vue:89:13)\n    at callWithErrorHandling (/Users/mauroociappina/Desktop/Proyectos/baldecash/ptecbaldecash/frontend/node_modules/@vue/runtime-core/dist/runtime-core.cjs.js:200:19)\n    at setupStatefulComponent (/Users/mauroociappina/Desktop/Proyectos/baldecash/ptecbaldecash/frontend/node_modules/@vue/runtime-core/dist/runtime-core.cjs.js:7910:25)\n    at setupComponent (/Users/mauroociappina/Desktop/Proyectos/baldecash/ptecbaldecash/frontend/node_modules/@vue/runtime-core/dist/runtime-core.cjs.js:7871:36)\n    at mountComponent (/Users/mauroociappina/Desktop/Proyectos/baldecash/ptecbaldecash/frontend/node_modules/@vue/runtime-core/dist/runtime-core.cjs.js:5188:7)\n    at processComponent (/Users/mauroociappina/Desktop/Proyectos/baldecash/ptecbaldecash/frontend/node_modules/@vue/runtime-core/dist/runtime-core.cjs.js:5154:9)\n    at patch (/Users/mauroociappina/Desktop/Proyectos/baldecash/ptecbaldecash/frontend/node_modules/@vue/runtime-core/dist/runtime-core.cjs.js:4681:11)\n    at ReactiveEffect.componentUpdateFn [as fn] (/Users/mauroociappina/Desktop/Proyectos/baldecash/ptecbaldecash/frontend/node_modules/@vue/runtime-core/dist/runtime-core.cjs.js:5300:11)\n    at ReactiveEffect.run (/Users/mauroociappina/Desktop/Proyectos/baldecash/ptecbaldecash/frontend/node_modules/@vue/reactivity/dist/reactivity.cjs.js:241:19)\n    at setupRenderEffect (/Users/mauroociappina/Desktop/Proyectos/baldecash/ptecbaldecash/frontend/node_modules/@vue/runtime-core/dist/runtime-core.cjs.js:5428:5)"],"meta":{}},{"ancestorTitles":["UI Components","Button"],"fullName":"UI Components Button emits click event","status":"failed","title":"emits click event","duration":0.6672090000000708,"failureMessages":["ReferenceError: computed is not defined\n    at setup (/Users/mauroociappina/Desktop/Proyectos/baldecash/ptecbaldecash/frontend/components/UI/Button.vue:89:13)\n    at callWithErrorHandling (/Users/mauroociappina/Desktop/Proyectos/baldecash/ptecbaldecash/frontend/node_modules/@vue/runtime-core/dist/runtime-core.cjs.js:200:19)\n    at setupStatefulComponent (/Users/mauroociappina/Desktop/Proyectos/baldecash/ptecbaldecash/frontend/node_modules/@vue/runtime-core/dist/runtime-core.cjs.js:7910:25)\n    at setupComponent (/Users/mauroociappina/Desktop/Proyectos/baldecash/ptecbaldecash/frontend/node_modules/@vue/runtime-core/dist/runtime-core.cjs.js:7871:36)\n    at mountComponent (/Users/mauroociappina/Desktop/Proyectos/baldecash/ptecbaldecash/frontend/node_modules/@vue/runtime-core/dist/runtime-core.cjs.js:5188:7)\n    at processComponent (/Users/mauroociappina/Desktop/Proyectos/baldecash/ptecbaldecash/frontend/node_modules/@vue/runtime-core/dist/runtime-core.cjs.js:5154:9)\n    at patch (/Users/mauroociappina/Desktop/Proyectos/baldecash/ptecbaldecash/frontend/node_modules/@vue/runtime-core/dist/runtime-core.cjs.js:4681:11)\n    at ReactiveEffect.componentUpdateFn [as fn] (/Users/mauroociappina/Desktop/Proyectos/baldecash/ptecbaldecash/frontend/node_modules/@vue/runtime-core/dist/runtime-core.cjs.js:5300:11)\n    at ReactiveEffect.run (/Users/mauroociappina/Desktop/Proyectos/baldecash/ptecbaldecash/frontend/node_modules/@vue/reactivity/dist/reactivity.cjs.js:241:19)\n    at setupRenderEffect (/Users/mauroociappina/Desktop/Proyectos/baldecash/ptecbaldecash/frontend/node_modules/@vue/runtime-core/dist/runtime-core.cjs.js:5428:5)"],"meta":{}},{"ancestorTitles":["UI Components","Modal"],"fullName":"UI Components Modal renders when open","status":"failed","title":"renders when open","duration":6.233082999999965,"failureMessages":["ReferenceError: computed is not defined\n    at setup (/Users/mauroociappina/Desktop/Proyectos/baldecash/ptecbaldecash/frontend/components/UI/Modal.vue:125:21)\n    at callWithErrorHandling (/Users/mauroociappina/Desktop/Proyectos/baldecash/ptecbaldecash/frontend/node_modules/@vue/runtime-core/dist/runtime-core.cjs.js:200:19)\n    at setupStatefulComponent (/Users/mauroociappina/Desktop/Proyectos/baldecash/ptecbaldecash/frontend/node_modules/@vue/runtime-core/dist/runtime-core.cjs.js:7910:25)\n    at setupComponent (/Users/mauroociappina/Desktop/Proyectos/baldecash/ptecbaldecash/frontend/node_modules/@vue/runtime-core/dist/runtime-core.cjs.js:7871:36)\n    at mountComponent (/Users/mauroociappina/Desktop/Proyectos/baldecash/ptecbaldecash/frontend/node_modules/@vue/runtime-core/dist/runtime-core.cjs.js:5188:7)\n    at processComponent (/Users/mauroociappina/Desktop/Proyectos/baldecash/ptecbaldecash/frontend/node_modules/@vue/runtime-core/dist/runtime-core.cjs.js:5154:9)\n    at patch (/Users/mauroociappina/Desktop/Proyectos/baldecash/ptecbaldecash/frontend/node_modules/@vue/runtime-core/dist/runtime-core.cjs.js:4681:11)\n    at ReactiveEffect.componentUpdateFn [as fn] (/Users/mauroociappina/Desktop/Proyectos/baldecash/ptecbaldecash/frontend/node_modules/@vue/runtime-core/dist/runtime-core.cjs.js:5300:11)\n    at ReactiveEffect.run (/Users/mauroociappina/Desktop/Proyectos/baldecash/ptecbaldecash/frontend/node_modules/@vue/reactivity/dist/reactivity.cjs.js:241:19)\n    at setupRenderEffect (/Users/mauroociappina/Desktop/Proyectos/baldecash/ptecbaldecash/frontend/node_modules/@vue/runtime-core/dist/runtime-core.cjs.js:5428:5)"],"meta":{}},{"ancestorTitles":["UI Components","Modal"],"fullName":"UI Components Modal does not render when closed","status":"failed","title":"does not render when closed","duration":0.9248340000000326,"failureMessages":["ReferenceError: computed is not defined\n    at setup (/Users/mauroociappina/Desktop/Proyectos/baldecash/ptecbaldecash/frontend/components/UI/Modal.vue:125:21)\n    at callWithErrorHandling (/Users/mauroociappina/Desktop/Proyectos/baldecash/ptecbaldecash/frontend/node_modules/@vue/runtime-core/dist/runtime-core.cjs.js:200:19)\n    at setupStatefulComponent (/Users/mauroociappina/Desktop/Proyectos/baldecash/ptecbaldecash/frontend/node_modules/@vue/runtime-core/dist/runtime-core.cjs.js:7910:25)\n    at setupComponent (/Users/mauroociappina/Desktop/Proyectos/baldecash/ptecbaldecash/frontend/node_modules/@vue/runtime-core/dist/runtime-core.cjs.js:7871:36)\n    at mountComponent (/Users/mauroociappina/Desktop/Proyectos/baldecash/ptecbaldecash/frontend/node_modules/@vue/runtime-core/dist/runtime-core.cjs.js:5188:7)\n    at processComponent (/Users/mauroociappina/Desktop/Proyectos/baldecash/ptecbaldecash/frontend/node_modules/@vue/runtime-core/dist/runtime-core.cjs.js:5154:9)\n    at patch (/Users/mauroociappina/Desktop/Proyectos/baldecash/ptecbaldecash/frontend/node_modules/@vue/runtime-core/dist/runtime-core.cjs.js:4681:11)\n    at ReactiveEffect.componentUpdateFn [as fn] (/Users/mauroociappina/Desktop/Proyectos/baldecash/ptecbaldecash/frontend/node_modules/@vue/runtime-core/dist/runtime-core.cjs.js:5300:11)\n    at ReactiveEffect.run (/Users/mauroociappina/Desktop/Proyectos/baldecash/ptecbaldecash/frontend/node_modules/@vue/reactivity/dist/reactivity.cjs.js:241:19)\n    at setupRenderEffect (/Users/mauroociappina/Desktop/Proyectos/baldecash/ptecbaldecash/frontend/node_modules/@vue/runtime-core/dist/runtime-core.cjs.js:5428:5)"],"meta":{}},{"ancestorTitles":["UI Components","Modal"],"fullName":"UI Components Modal emits close event when overlay is clicked","status":"failed","title":"emits close event when overlay is clicked","duration":3.7689170000001013,"failureMessages":["ReferenceError: computed is not defined\n    at setup (/Users/mauroociappina/Desktop/Proyectos/baldecash/ptecbaldecash/frontend/components/UI/Modal.vue:125:21)\n    at callWithErrorHandling (/Users/mauroociappina/Desktop/Proyectos/baldecash/ptecbaldecash/frontend/node_modules/@vue/runtime-core/dist/runtime-core.cjs.js:200:19)\n    at setupStatefulComponent (/Users/mauroociappina/Desktop/Proyectos/baldecash/ptecbaldecash/frontend/node_modules/@vue/runtime-core/dist/runtime-core.cjs.js:7910:25)\n    at setupComponent (/Users/mauroociappina/Desktop/Proyectos/baldecash/ptecbaldecash/frontend/node_modules/@vue/runtime-core/dist/runtime-core.cjs.js:7871:36)\n    at mountComponent (/Users/mauroociappina/Desktop/Proyectos/baldecash/ptecbaldecash/frontend/node_modules/@vue/runtime-core/dist/runtime-core.cjs.js:5188:7)\n    at processComponent (/Users/mauroociappina/Desktop/Proyectos/baldecash/ptecbaldecash/frontend/node_modules/@vue/runtime-core/dist/runtime-core.cjs.js:5154:9)\n    at patch (/Users/mauroociappina/Desktop/Proyectos/baldecash/ptecbaldecash/frontend/node_modules/@vue/runtime-core/dist/runtime-core.cjs.js:4681:11)\n    at ReactiveEffect.componentUpdateFn [as fn] (/Users/mauroociappina/Desktop/Proyectos/baldecash/ptecbaldecash/frontend/node_modules/@vue/runtime-core/dist/runtime-core.cjs.js:5300:11)\n    at ReactiveEffect.run (/Users/mauroociappina/Desktop/Proyectos/baldecash/ptecbaldecash/frontend/node_modules/@vue/reactivity/dist/reactivity.cjs.js:241:19)\n    at setupRenderEffect (/Users/mauroociappina/Desktop/Proyectos/baldecash/ptecbaldecash/frontend/node_modules/@vue/runtime-core/dist/runtime-core.cjs.js:5428:5)"],"meta":{}},{"ancestorTitles":["UI Components","Modal"],"fullName":"UI Components Modal emits close event when close button is clicked","status":"failed","title":"emits close event when close button is clicked","duration":1.11200000000008,"failureMessages":["ReferenceError: computed is not defined\n    at setup (/Users/mauroociappina/Desktop/Proyectos/baldecash/ptecbaldecash/frontend/components/UI/Modal.vue:125:21)\n    at callWithErrorHandling (/Users/mauroociappina/Desktop/Proyectos/baldecash/ptecbaldecash/frontend/node_modules/@vue/runtime-core/dist/runtime-core.cjs.js:200:19)\n    at setupStatefulComponent (/Users/mauroociappina/Desktop/Proyectos/baldecash/ptecbaldecash/frontend/node_modules/@vue/runtime-core/dist/runtime-core.cjs.js:7910:25)\n    at setupComponent (/Users/mauroociappina/Desktop/Proyectos/baldecash/ptecbaldecash/frontend/node_modules/@vue/runtime-core/dist/runtime-core.cjs.js:7871:36)\n    at mountComponent (/Users/mauroociappina/Desktop/Proyectos/baldecash/ptecbaldecash/frontend/node_modules/@vue/runtime-core/dist/runtime-core.cjs.js:5188:7)\n    at processComponent (/Users/mauroociappina/Desktop/Proyectos/baldecash/ptecbaldecash/frontend/node_modules/@vue/runtime-core/dist/runtime-core.cjs.js:5154:9)\n    at patch (/Users/mauroociappina/Desktop/Proyectos/baldecash/ptecbaldecash/frontend/node_modules/@vue/runtime-core/dist/runtime-core.cjs.js:4681:11)\n    at ReactiveEffect.componentUpdateFn [as fn] (/Users/mauroociappina/Desktop/Proyectos/baldecash/ptecbaldecash/frontend/node_modules/@vue/runtime-core/dist/runtime-core.cjs.js:5300:11)\n    at ReactiveEffect.run (/Users/mauroociappina/Desktop/Proyectos/baldecash/ptecbaldecash/frontend/node_modules/@vue/reactivity/dist/reactivity.cjs.js:241:19)\n    at setupRenderEffect (/Users/mauroociappina/Desktop/Proyectos/baldecash/ptecbaldecash/frontend/node_modules/@vue/runtime-core/dist/runtime-core.cjs.js:5428:5)"],"meta":{}},{"ancestorTitles":["UI Components","Loading"],"fullName":"UI Components Loading renders loading spinner","status":"failed","title":"renders loading spinner","duration":1.2799590000000762,"failureMessages":["ReferenceError: computed is not defined\n    at setup (/Users/mauroociappina/Desktop/Proyectos/baldecash/ptecbaldecash/frontend/components/UI/Loading.vue:100:26)\n    at callWithErrorHandling (/Users/mauroociappina/Desktop/Proyectos/baldecash/ptecbaldecash/frontend/node_modules/@vue/runtime-core/dist/runtime-core.cjs.js:200:19)\n    at setupStatefulComponent (/Users/mauroociappina/Desktop/Proyectos/baldecash/ptecbaldecash/frontend/node_modules/@vue/runtime-core/dist/runtime-core.cjs.js:7910:25)\n    at setupComponent (/Users/mauroociappina/Desktop/Proyectos/baldecash/ptecbaldecash/frontend/node_modules/@vue/runtime-core/dist/runtime-core.cjs.js:7871:36)\n    at mountComponent (/Users/mauroociappina/Desktop/Proyectos/baldecash/ptecbaldecash/frontend/node_modules/@vue/runtime-core/dist/runtime-core.cjs.js:5188:7)\n    at processComponent (/Users/mauroociappina/Desktop/Proyectos/baldecash/ptecbaldecash/frontend/node_modules/@vue/runtime-core/dist/runtime-core.cjs.js:5154:9)\n    at patch (/Users/mauroociappina/Desktop/Proyectos/baldecash/ptecbaldecash/frontend/node_modules/@vue/runtime-core/dist/runtime-core.cjs.js:4681:11)\n    at ReactiveEffect.componentUpdateFn [as fn] (/Users/mauroociappina/Desktop/Proyectos/baldecash/ptecbaldecash/frontend/node_modules/@vue/runtime-core/dist/runtime-core.cjs.js:5300:11)\n    at ReactiveEffect.run (/Users/mauroociappina/Desktop/Proyectos/baldecash/ptecbaldecash/frontend/node_modules/@vue/reactivity/dist/reactivity.cjs.js:241:19)\n    at setupRenderEffect (/Users/mauroociappina/Desktop/Proyectos/baldecash/ptecbaldecash/frontend/node_modules/@vue/runtime-core/dist/runtime-core.cjs.js:5428:5)"],"meta":{}},{"ancestorTitles":["UI Components","Loading"],"fullName":"UI Components Loading renders with custom text","status":"failed","title":"renders with custom text","duration":0.6665830000000597,"failureMessages":["ReferenceError: computed is not defined\n    at setup (/Users/mauroociappina/Desktop/Proyectos/baldecash/ptecbaldecash/frontend/components/UI/Loading.vue:100:26)\n    at callWithErrorHandling (/Users/mauroociappina/Desktop/Proyectos/baldecash/ptecbaldecash/frontend/node_modules/@vue/runtime-core/dist/runtime-core.cjs.js:200:19)\n    at setupStatefulComponent (/Users/mauroociappina/Desktop/Proyectos/baldecash/ptecbaldecash/frontend/node_modules/@vue/runtime-core/dist/runtime-core.cjs.js:7910:25)\n    at setupComponent (/Users/mauroociappina/Desktop/Proyectos/baldecash/ptecbaldecash/frontend/node_modules/@vue/runtime-core/dist/runtime-core.cjs.js:7871:36)\n    at mountComponent (/Users/mauroociappina/Desktop/Proyectos/baldecash/ptecbaldecash/frontend/node_modules/@vue/runtime-core/dist/runtime-core.cjs.js:5188:7)\n    at processComponent (/Users/mauroociappina/Desktop/Proyectos/baldecash/ptecbaldecash/frontend/node_modules/@vue/runtime-core/dist/runtime-core.cjs.js:5154:9)\n    at patch (/Users/mauroociappina/Desktop/Proyectos/baldecash/ptecbaldecash/frontend/node_modules/@vue/runtime-core/dist/runtime-core.cjs.js:4681:11)\n    at ReactiveEffect.componentUpdateFn [as fn] (/Users/mauroociappina/Desktop/Proyectos/baldecash/ptecbaldecash/frontend/node_modules/@vue/runtime-core/dist/runtime-core.cjs.js:5300:11)\n    at ReactiveEffect.run (/Users/mauroociappina/Desktop/Proyectos/baldecash/ptecbaldecash/frontend/node_modules/@vue/reactivity/dist/reactivity.cjs.js:241:19)\n    at setupRenderEffect (/Users/mauroociappina/Desktop/Proyectos/baldecash/ptecbaldecash/frontend/node_modules/@vue/runtime-core/dist/runtime-core.cjs.js:5428:5)"],"meta":{}},{"ancestorTitles":["UI Components","Loading"],"fullName":"UI Components Loading renders different sizes","status":"failed","title":"renders different sizes","duration":0.7319999999999709,"failureMessages":["ReferenceError: computed is not defined\n    at setup (/Users/mauroociappina/Desktop/Proyectos/baldecash/ptecbaldecash/frontend/components/UI/Loading.vue:100:26)\n    at callWithErrorHandling (/Users/mauroociappina/Desktop/Proyectos/baldecash/ptecbaldecash/frontend/node_modules/@vue/runtime-core/dist/runtime-core.cjs.js:200:19)\n    at setupStatefulComponent (/Users/mauroociappina/Desktop/Proyectos/baldecash/ptecbaldecash/frontend/node_modules/@vue/runtime-core/dist/runtime-core.cjs.js:7910:25)\n    at setupComponent (/Users/mauroociappina/Desktop/Proyectos/baldecash/ptecbaldecash/frontend/node_modules/@vue/runtime-core/dist/runtime-core.cjs.js:7871:36)\n    at mountComponent (/Users/mauroociappina/Desktop/Proyectos/baldecash/ptecbaldecash/frontend/node_modules/@vue/runtime-core/dist/runtime-core.cjs.js:5188:7)\n    at processComponent (/Users/mauroociappina/Desktop/Proyectos/baldecash/ptecbaldecash/frontend/node_modules/@vue/runtime-core/dist/runtime-core.cjs.js:5154:9)\n    at patch (/Users/mauroociappina/Desktop/Proyectos/baldecash/ptecbaldecash/frontend/node_modules/@vue/runtime-core/dist/runtime-core.cjs.js:4681:11)\n    at ReactiveEffect.componentUpdateFn [as fn] (/Users/mauroociappina/Desktop/Proyectos/baldecash/ptecbaldecash/frontend/node_modules/@vue/runtime-core/dist/runtime-core.cjs.js:5300:11)\n    at ReactiveEffect.run (/Users/mauroociappina/Desktop/Proyectos/baldecash/ptecbaldecash/frontend/node_modules/@vue/reactivity/dist/reactivity.cjs.js:241:19)\n    at setupRenderEffect (/Users/mauroociappina/Desktop/Proyectos/baldecash/ptecbaldecash/frontend/node_modules/@vue/runtime-core/dist/runtime-core.cjs.js:5428:5)"],"meta":{}}],"startTime":1754427629189,"endTime":1754427629216.732,"status":"failed","message":"","name":"/Users/mauroociappina/Desktop/Proyectos/baldecash/ptecbaldecash/frontend/tests/components/UI.test.ts"},{"assertionResults":[{"ancestorTitles":["UserList"],"fullName":"UserList renders user list correctly","status":"failed","title":"renders user list correctly","duration":0.9713329999999587,"failureMessages":["TypeError: Cannot read properties of undefined (reading 'mockReturnValue')\n    at /Users/mauroociappina/Desktop/Proyectos/baldecash/ptecbaldecash/frontend/tests/components/UserList.test.ts:23:29\n    at file:///Users/mauroociappina/Desktop/Proyectos/baldecash/ptecbaldecash/frontend/node_modules/@vitest/runner/dist/chunk-hooks.js:155:11\n    at file:///Users/mauroociappina/Desktop/Proyectos/baldecash/ptecbaldecash/frontend/node_modules/@vitest/runner/dist/chunk-hooks.js:1897:20\n    at new Promise (<anonymous>)\n    at runWithTimeout (file:///Users/mauroociappina/Desktop/Proyectos/baldecash/ptecbaldecash/frontend/node_modules/@vitest/runner/dist/chunk-hooks.js:1863:10)\n    at runHook (file:///Users/mauroociappina/Desktop/Proyectos/baldecash/ptecbaldecash/frontend/node_modules/@vitest/runner/dist/chunk-hooks.js:1436:51)\n    at callSuiteHook (file:///Users/mauroociappina/Desktop/Proyectos/baldecash/ptecbaldecash/frontend/node_modules/@vitest/runner/dist/chunk-hooks.js:1442:25)\n    at runTest (file:///Users/mauroociappina/Desktop/Proyectos/baldecash/ptecbaldecash/frontend/node_modules/@vitest/runner/dist/chunk-hooks.js:1566:26)\n    at runSuite (file:///Users/mauroociappina/Desktop/Proyectos/baldecash/ptecbaldecash/frontend/node_modules/@vitest/runner/dist/chunk-hooks.js:1729:8)\n    at runSuite (file:///Users/mauroociappina/Desktop/Proyectos/baldecash/ptecbaldecash/frontend/node_modules/@vitest/runner/dist/chunk-hooks.js:1729:8)"],"meta":{}},{"ancestorTitles":["UserList"],"fullName":"UserList displays user data in table rows","status":"failed","title":"displays user data in table rows","duration":0.28700000000003456,"failureMessages":["TypeError: Cannot read properties of undefined (reading 'mockReturnValue')\n    at /Users/mauroociappina/Desktop/Proyectos/baldecash/ptecbaldecash/frontend/tests/components/UserList.test.ts:23:29\n    at file:///Users/mauroociappina/Desktop/Proyectos/baldecash/ptecbaldecash/frontend/node_modules/@vitest/runner/dist/chunk-hooks.js:155:11\n    at file:///Users/mauroociappina/Desktop/Proyectos/baldecash/ptecbaldecash/frontend/node_modules/@vitest/runner/dist/chunk-hooks.js:1897:20\n    at new Promise (<anonymous>)\n    at runWithTimeout (file:///Users/mauroociappina/Desktop/Proyectos/baldecash/ptecbaldecash/frontend/node_modules/@vitest/runner/dist/chunk-hooks.js:1863:10)\n    at runHook (file:///Users/mauroociappina/Desktop/Proyectos/baldecash/ptecbaldecash/frontend/node_modules/@vitest/runner/dist/chunk-hooks.js:1436:51)\n    at callSuiteHook (file:///Users/mauroociappina/Desktop/Proyectos/baldecash/ptecbaldecash/frontend/node_modules/@vitest/runner/dist/chunk-hooks.js:1442:25)\n    at runTest (file:///Users/mauroociappina/Desktop/Proyectos/baldecash/ptecbaldecash/frontend/node_modules/@vitest/runner/dist/chunk-hooks.js:1566:26)\n    at runSuite (file:///Users/mauroociappina/Desktop/Proyectos/baldecash/ptecbaldecash/frontend/node_modules/@vitest/runner/dist/chunk-hooks.js:1729:8)\n    at runSuite (file:///Users/mauroociappina/Desktop/Proyectos/baldecash/ptecbaldecash/frontend/node_modules/@vitest/runner/dist/chunk-hooks.js:1729:8)"],"meta":{}},{"ancestorTitles":["UserList"],"fullName":"UserList shows action buttons for administrators","status":"failed","title":"shows action buttons for administrators","duration":0.2664589999999407,"failureMessages":["TypeError: Cannot read properties of undefined (reading 'mockReturnValue')\n    at /Users/mauroociappina/Desktop/Proyectos/baldecash/ptecbaldecash/frontend/tests/components/UserList.test.ts:23:29\n    at file:///Users/mauroociappina/Desktop/Proyectos/baldecash/ptecbaldecash/frontend/node_modules/@vitest/runner/dist/chunk-hooks.js:155:11\n    at file:///Users/mauroociappina/Desktop/Proyectos/baldecash/ptecbaldecash/frontend/node_modules/@vitest/runner/dist/chunk-hooks.js:1897:20\n    at new Promise (<anonymous>)\n    at runWithTimeout (file:///Users/mauroociappina/Desktop/Proyectos/baldecash/ptecbaldecash/frontend/node_modules/@vitest/runner/dist/chunk-hooks.js:1863:10)\n    at runHook (file:///Users/mauroociappina/Desktop/Proyectos/baldecash/ptecbaldecash/frontend/node_modules/@vitest/runner/dist/chunk-hooks.js:1436:51)\n    at callSuiteHook (file:///Users/mauroociappina/Desktop/Proyectos/baldecash/ptecbaldecash/frontend/node_modules/@vitest/runner/dist/chunk-hooks.js:1442:25)\n    at runTest (file:///Users/mauroociappina/Desktop/Proyectos/baldecash/ptecbaldecash/frontend/node_modules/@vitest/runner/dist/chunk-hooks.js:1566:26)\n    at runSuite (file:///Users/mauroociappina/Desktop/Proyectos/baldecash/ptecbaldecash/frontend/node_modules/@vitest/runner/dist/chunk-hooks.js:1729:8)\n    at runSuite (file:///Users/mauroociappina/Desktop/Proyectos/baldecash/ptecbaldecash/frontend/node_modules/@vitest/runner/dist/chunk-hooks.js:1729:8)"],"meta":{}},{"ancestorTitles":["UserList"],"fullName":"UserList shows create user button for administrators","status":"failed","title":"shows create user button for administrators","duration":0.2645839999997861,"failureMessages":["TypeError: Cannot read properties of undefined (reading 'mockReturnValue')\n    at /Users/mauroociappina/Desktop/Proyectos/baldecash/ptecbaldecash/frontend/tests/components/UserList.test.ts:23:29\n    at file:///Users/mauroociappina/Desktop/Proyectos/baldecash/ptecbaldecash/frontend/node_modules/@vitest/runner/dist/chunk-hooks.js:155:11\n    at file:///Users/mauroociappina/Desktop/Proyectos/baldecash/ptecbaldecash/frontend/node_modules/@vitest/runner/dist/chunk-hooks.js:1897:20\n    at new Promise (<anonymous>)\n    at runWithTimeout (file:///Users/mauroociappina/Desktop/Proyectos/baldecash/ptecbaldecash/frontend/node_modules/@vitest/runner/dist/chunk-hooks.js:1863:10)\n    at runHook (file:///Users/mauroociappina/Desktop/Proyectos/baldecash/ptecbaldecash/frontend/node_modules/@vitest/runner/dist/chunk-hooks.js:1436:51)\n    at callSuiteHook (file:///Users/mauroociappina/Desktop/Proyectos/baldecash/ptecbaldecash/frontend/node_modules/@vitest/runner/dist/chunk-hooks.js:1442:25)\n    at runTest (file:///Users/mauroociappina/Desktop/Proyectos/baldecash/ptecbaldecash/frontend/node_modules/@vitest/runner/dist/chunk-hooks.js:1566:26)\n    at runSuite (file:///Users/mauroociappina/Desktop/Proyectos/baldecash/ptecbaldecash/frontend/node_modules/@vitest/runner/dist/chunk-hooks.js:1729:8)\n    at runSuite (file:///Users/mauroociappina/Desktop/Proyectos/baldecash/ptecbaldecash/frontend/node_modules/@vitest/runner/dist/chunk-hooks.js:1729:8)"],"meta":{}},{"ancestorTitles":["UserList"],"fullName":"UserList emits events when action buttons are clicked","status":"failed","title":"emits events when action buttons are clicked","duration":0.2655409999999847,"failureMessages":["TypeError: Cannot read properties of undefined (reading 'mockReturnValue')\n    at /Users/mauroociappina/Desktop/Proyectos/baldecash/ptecbaldecash/frontend/tests/components/UserList.test.ts:23:29\n    at file:///Users/mauroociappina/Desktop/Proyectos/baldecash/ptecbaldecash/frontend/node_modules/@vitest/runner/dist/chunk-hooks.js:155:11\n    at file:///Users/mauroociappina/Desktop/Proyectos/baldecash/ptecbaldecash/frontend/node_modules/@vitest/runner/dist/chunk-hooks.js:1897:20\n    at new Promise (<anonymous>)\n    at runWithTimeout (file:///Users/mauroociappina/Desktop/Proyectos/baldecash/ptecbaldecash/frontend/node_modules/@vitest/runner/dist/chunk-hooks.js:1863:10)\n    at runHook (file:///Users/mauroociappina/Desktop/Proyectos/baldecash/ptecbaldecash/frontend/node_modules/@vitest/runner/dist/chunk-hooks.js:1436:51)\n    at callSuiteHook (file:///Users/mauroociappina/Desktop/Proyectos/baldecash/ptecbaldecash/frontend/node_modules/@vitest/runner/dist/chunk-hooks.js:1442:25)\n    at runTest (file:///Users/mauroociappina/Desktop/Proyectos/baldecash/ptecbaldecash/frontend/node_modules/@vitest/runner/dist/chunk-hooks.js:1566:26)\n    at runSuite (file:///Users/mauroociappina/Desktop/Proyectos/baldecash/ptecbaldecash/frontend/node_modules/@vitest/runner/dist/chunk-hooks.js:1729:8)\n    at runSuite (file:///Users/mauroociappina/Desktop/Proyectos/baldecash/ptecbaldecash/frontend/node_modules/@vitest/runner/dist/chunk-hooks.js:1729:8)"],"meta":{}},{"ancestorTitles":["UserList"],"fullName":"UserList handles search functionality","status":"failed","title":"handles search functionality","duration":0.28491699999995035,"failureMessages":["TypeError: Cannot read properties of undefined (reading 'mockReturnValue')\n    at /Users/mauroociappina/Desktop/Proyectos/baldecash/ptecbaldecash/frontend/tests/components/UserList.test.ts:23:29\n    at file:///Users/mauroociappina/Desktop/Proyectos/baldecash/ptecbaldecash/frontend/node_modules/@vitest/runner/dist/chunk-hooks.js:155:11\n    at file:///Users/mauroociappina/Desktop/Proyectos/baldecash/ptecbaldecash/frontend/node_modules/@vitest/runner/dist/chunk-hooks.js:1897:20\n    at new Promise (<anonymous>)\n    at runWithTimeout (file:///Users/mauroociappina/Desktop/Proyectos/baldecash/ptecbaldecash/frontend/node_modules/@vitest/runner/dist/chunk-hooks.js:1863:10)\n    at runHook (file:///Users/mauroociappina/Desktop/Proyectos/baldecash/ptecbaldecash/frontend/node_modules/@vitest/runner/dist/chunk-hooks.js:1436:51)\n    at callSuiteHook (file:///Users/mauroociappina/Desktop/Proyectos/baldecash/ptecbaldecash/frontend/node_modules/@vitest/runner/dist/chunk-hooks.js:1442:25)\n    at runTest (file:///Users/mauroociappina/Desktop/Proyectos/baldecash/ptecbaldecash/frontend/node_modules/@vitest/runner/dist/chunk-hooks.js:1566:26)\n    at runSuite (file:///Users/mauroociappina/Desktop/Proyectos/baldecash/ptecbaldecash/frontend/node_modules/@vitest/runner/dist/chunk-hooks.js:1729:8)\n    at runSuite (file:///Users/mauroociappina/Desktop/Proyectos/baldecash/ptecbaldecash/frontend/node_modules/@vitest/runner/dist/chunk-hooks.js:1729:8)"],"meta":{}},{"ancestorTitles":["UserList"],"fullName":"UserList handles role filter functionality","status":"failed","title":"handles role filter functionality","duration":0.28254199999992125,"failureMessages":["TypeError: Cannot read properties of undefined (reading 'mockReturnValue')\n    at /Users/mauroociappina/Desktop/Proyectos/baldecash/ptecbaldecash/frontend/tests/components/UserList.test.ts:23:29\n    at file:///Users/mauroociappina/Desktop/Proyectos/baldecash/ptecbaldecash/frontend/node_modules/@vitest/runner/dist/chunk-hooks.js:155:11\n    at file:///Users/mauroociappina/Desktop/Proyectos/baldecash/ptecbaldecash/frontend/node_modules/@vitest/runner/dist/chunk-hooks.js:1897:20\n    at new Promise (<anonymous>)\n    at runWithTimeout (file:///Users/mauroociappina/Desktop/Proyectos/baldecash/ptecbaldecash/frontend/node_modules/@vitest/runner/dist/chunk-hooks.js:1863:10)\n    at runHook (file:///Users/mauroociappina/Desktop/Proyectos/baldecash/ptecbaldecash/frontend/node_modules/@vitest/runner/dist/chunk-hooks.js:1436:51)\n    at callSuiteHook (file:///Users/mauroociappina/Desktop/Proyectos/baldecash/ptecbaldecash/frontend/node_modules/@vitest/runner/dist/chunk-hooks.js:1442:25)\n    at runTest (file:///Users/mauroociappina/Desktop/Proyectos/baldecash/ptecbaldecash/frontend/node_modules/@vitest/runner/dist/chunk-hooks.js:1566:26)\n    at runSuite (file:///Users/mauroociappina/Desktop/Proyectos/baldecash/ptecbaldecash/frontend/node_modules/@vitest/runner/dist/chunk-hooks.js:1729:8)\n    at runSuite (file:///Users/mauroociappina/Desktop/Proyectos/baldecash/ptecbaldecash/frontend/node_modules/@vitest/runner/dist/chunk-hooks.js:1729:8)"],"meta":{}}],"startTime":1754427629296,"endTime":1754427629298.285,"status":"failed","message":"","name":"/Users/mauroociappina/Desktop/Proyectos/baldecash/ptecbaldecash/frontend/tests/components/UserList.test.ts"}]}